<?xml version="1.0" encoding="UTF-8"?>
<!-- Generated by org.testng.reporters.JUnitXMLReporter -->
<testsuite hostname="137IT1FL20665W7" name="Smoke Testcases" tests="2" failures="0" timestamp="23 Dec 2015 19:48:44 GMT" time="0.019" errors="0">
  <testcase name="@BeforeTest setup" time="0.0" classname="CrossBrowsers.GoogleOutPut">
    <failure type="org.testng.TestNGException" message="
Parameter &amp;apos;browser&amp;apos; is required by @Configuration on method setup but has not been marked @Optional or defined
in C:\Users\skashem\workspace\Users\MyProject\equipmenDown.xml">
      <![CDATA[org.testng.TestNGException: 
Parameter 'browser' is required by @Configuration on method setup but has not been marked @Optional or defined
in C:\Users\skashem\workspace\Users\MyProject\equipmenDown.xml
... Removed 19 stack frames]]>
    </failure>
  </testcase> <!-- @BeforeTest setup -->
  <testcase name="testParameterWithXML" time="0.003" classname="CrossBrowsers.GoogleOutPut">
    <skipped/>
  </testcase> <!-- testParameterWithXML -->
  <testcase name="TestScenario" time="0.0" classname="Basics.ExcelDataDrivenGoogleOutput">
    <skipped/>
  </testcase> <!-- TestScenario -->
</testsuite> <!-- Smoke Testcases -->
